2024-10-09 22:08:53.580 INFO CPU                : AMD Ryzen Threadripper 3990X 64-Core Processor
2024-10-09 22:08:53.580 INFO RAM                : 252 GB
2024-10-09 22:08:53.580 INFO OS                 : Linux-6.8.0-45-generic-x86_64-with-glibc2.39
2024-10-09 22:08:53.580 INFO Python Version     : 3.12.3
2024-10-09 22:08:53.580 INFO TensorFlow Version : 2.17.0
2024-10-09 22:08:53.580 INFO ------------------------------------------------------------------
2024-10-09 22:08:53.580 INFO 
2024-10-09 22:08:55.280 INFO Model: "functional_1"
┏━━━━━━━━━━━━━━━━━━━━━━━━━━━━━━━┳━━━━━━━━━━━━━━━━━━━━━━━━━━━┳━━━━━━━━━━━━━━━━━┳━━━━━━━━━━━━━━━━━━━━━━━━━━━━┓
┃ Layer (type)                  ┃ Output Shape              ┃         Param # ┃ Connected to               ┃
┡━━━━━━━━━━━━━━━━━━━━━━━━━━━━━━━╇━━━━━━━━━━━━━━━━━━━━━━━━━━━╇━━━━━━━━━━━━━━━━━╇━━━━━━━━━━━━━━━━━━━━━━━━━━━━┩
│ left (InputLayer)             │ (None, 128, 961)          │               0 │ -                          │
├───────────────────────────────┼───────────────────────────┼─────────────────┼────────────────────────────┤
│ right (InputLayer)            │ (None, 128, 961)          │               0 │ -                          │
├───────────────────────────────┼───────────────────────────┼─────────────────┼────────────────────────────┤
│ sequential (Sequential)       │ (None, 32)                │         140,580 │ left[0][0], right[0][0]    │
├───────────────────────────────┼───────────────────────────┼─────────────────┼────────────────────────────┤
│    └ batch_normalization      │ (None, 128, 961)          │           3,844 │ -                          │
│ (BatchNormalization)          │                           │                 │                            │
├───────────────────────────────┼───────────────────────────┼─────────────────┼────────────────────────────┤
│    └ lstm (LSTM)              │ (None, 128, 32)           │         127,232 │ -                          │
├───────────────────────────────┼───────────────────────────┼─────────────────┼────────────────────────────┤
│    └ dropout (Dropout)        │ (None, 128, 32)           │               0 │ -                          │
├───────────────────────────────┼───────────────────────────┼─────────────────┼────────────────────────────┤
│    └ batch_normalization_1    │ (None, 128, 32)           │             128 │ -                          │
│ (BatchNormalization)          │                           │                 │                            │
├───────────────────────────────┼───────────────────────────┼─────────────────┼────────────────────────────┤
│    └ lstm_1 (LSTM)            │ (None, 32)                │           8,320 │ -                          │
├───────────────────────────────┼───────────────────────────┼─────────────────┼────────────────────────────┤
│    └ unit_normalization       │ (None, 32)                │               0 │ -                          │
│ (UnitNormalization)           │                           │                 │                            │
├───────────────────────────────┼───────────────────────────┼─────────────────┼────────────────────────────┤
│    └ dense (Dense)            │ (None, 32)                │           1,056 │ -                          │
├───────────────────────────────┼───────────────────────────┼─────────────────┼────────────────────────────┤
│ lambda (Lambda)               │ (None, 1)                 │               0 │ sequential[0][0],          │
│                               │                           │                 │ sequential[1][0]           │
└───────────────────────────────┴───────────────────────────┴─────────────────┴────────────────────────────┘
 Total params: 140,580 (549.14 KB)
 Trainable params: 138,594 (541.38 KB)
 Non-trainable params: 1,986 (7.76 KB)

2024-10-09 22:12:32.753 INFO    User No:  0   SNR_db: None   i_EER = 0.185   i_ZMR = 0.635   i_ACC = 0.813
2024-10-09 22:14:26.393 INFO    User No:  1   SNR_db: None   i_EER = 0.020   i_ZMR = 0.055   i_ACC = 0.982
2024-10-09 22:18:01.629 INFO    User No:  2   SNR_db: None   i_EER = 0.036   i_ZMR = 0.400   i_ACC = 0.964
2024-10-09 22:20:16.569 INFO    User No:  3   SNR_db: None   i_EER = 0.050   i_ZMR = 0.070   i_ACC = 0.949
2024-10-09 22:22:00.790 INFO    User No:  4   SNR_db: None   i_EER = 0.032   i_ZMR = 0.055   i_ACC = 0.969
2024-10-09 22:23:49.332 INFO    User No:  5   SNR_db: None   i_EER = 0.032   i_ZMR = 0.080   i_ACC = 0.969
2024-10-09 22:25:34.353 INFO    User No:  6   SNR_db: None   i_EER = 0.020   i_ZMR = 0.040   i_ACC = 0.978
2024-10-09 22:27:17.894 INFO    User No:  7   SNR_db: None   i_EER = 0.005   i_ZMR = 0.005   i_ACC = 0.993
2024-10-09 22:29:08.128 INFO    User No:  8   SNR_db: None   i_EER = 0.005   i_ZMR = 0.015   i_ACC = 0.993
2024-10-09 22:30:48.005 INFO    User No:  9   SNR_db: None   i_EER = 0.060   i_ZMR = 0.110   i_ACC = 0.938
2024-10-09 22:36:05.605 INFO    User No: 10   SNR_db: None   i_EER = 0.068   i_ZMR = 0.225   i_ACC = 0.933
2024-10-09 22:40:45.952 INFO    User No: 11   SNR_db: None   i_EER = 0.485   i_ZMR = 0.915   i_ACC = 0.513
2024-10-09 22:43:05.903 INFO    User No: 12   SNR_db: None   i_EER = 0.045   i_ZMR = 0.105   i_ACC = 0.953
2024-10-09 22:45:03.394 INFO    User No: 13   SNR_db: None   i_EER = 0.025   i_ZMR = 0.125   i_ACC = 0.973
2024-10-09 22:49:45.421 INFO    User No: 14   SNR_db: None   i_EER = 0.060   i_ZMR = 0.135   i_ACC = 0.938
2024-10-09 22:51:06.533 INFO    User No: 15   SNR_db: None   i_EER = 0.072   i_ZMR = 0.270   i_ACC = 0.929
2024-10-09 22:53:33.043 INFO    User No: 16   SNR_db: None   i_EER = 0.105   i_ZMR = 0.440   i_ACC = 0.893
2024-10-09 22:54:55.776 INFO    User No: 17   SNR_db: None   i_EER = 0.072   i_ZMR = 0.755   i_ACC = 0.929
2024-10-09 22:57:54.300 INFO    User No: 18   SNR_db: None   i_EER = 0.105   i_ZMR = 0.300   i_ACC = 0.893
2024-10-09 22:59:46.179 INFO    User No: 19   SNR_db: None   i_EER = 0.100   i_ZMR = 0.885   i_ACC = 0.898
2024-10-09 23:01:21.223 INFO    User No: 20   SNR_db: None   i_EER = 0.080   i_ZMR = 0.320   i_ACC = 0.922
2024-10-09 23:05:35.991 INFO    User No: 21   SNR_db: None   i_EER = 0.065   i_ZMR = 0.130   i_ACC = 0.933
2024-10-09 23:10:03.214 INFO    User No: 22   SNR_db: None   i_EER = 0.145   i_ZMR = 0.355   i_ACC = 0.853
2024-10-09 23:11:58.773 INFO    User No: 23   SNR_db: None   i_EER = 0.050   i_ZMR = 0.095   i_ACC = 0.949
2024-10-09 23:13:44.182 INFO    User No: 24   SNR_db: None   i_EER = 0.075   i_ZMR = 0.280   i_ACC = 0.924
2024-10-09 23:16:58.003 INFO    User No: 25   SNR_db: None   i_EER = 0.320   i_ZMR = 0.685   i_ACC = 0.682
2024-10-10 06:00:48.958 INFO CPU                : AMD Ryzen Threadripper 3990X 64-Core Processor
2024-10-10 06:00:48.958 INFO RAM                : 252 GB
2024-10-10 06:00:48.958 INFO OS                 : Linux-6.8.0-45-generic-x86_64-with-glibc2.39
2024-10-10 06:00:48.958 INFO Python Version     : 3.12.3
2024-10-10 06:00:48.958 INFO TensorFlow Version : 2.17.0
2024-10-10 06:00:48.958 INFO ------------------------------------------------------------------
2024-10-10 06:00:48.958 INFO 
2024-10-10 06:00:50.646 INFO Model: "functional_1"
┏━━━━━━━━━━━━━━━━━━━━━━━━━━━━━━━┳━━━━━━━━━━━━━━━━━━━━━━━━━━━┳━━━━━━━━━━━━━━━━━┳━━━━━━━━━━━━━━━━━━━━━━━━━━━━┓
┃ Layer (type)                  ┃ Output Shape              ┃         Param # ┃ Connected to               ┃
┡━━━━━━━━━━━━━━━━━━━━━━━━━━━━━━━╇━━━━━━━━━━━━━━━━━━━━━━━━━━━╇━━━━━━━━━━━━━━━━━╇━━━━━━━━━━━━━━━━━━━━━━━━━━━━┩
│ left (InputLayer)             │ (None, 128, 961)          │               0 │ -                          │
├───────────────────────────────┼───────────────────────────┼─────────────────┼────────────────────────────┤
│ right (InputLayer)            │ (None, 128, 961)          │               0 │ -                          │
├───────────────────────────────┼───────────────────────────┼─────────────────┼────────────────────────────┤
│ sequential (Sequential)       │ (None, 32)                │         140,580 │ left[0][0], right[0][0]    │
├───────────────────────────────┼───────────────────────────┼─────────────────┼────────────────────────────┤
│    └ batch_normalization      │ (None, 128, 961)          │           3,844 │ -                          │
│ (BatchNormalization)          │                           │                 │                            │
├───────────────────────────────┼───────────────────────────┼─────────────────┼────────────────────────────┤
│    └ lstm (LSTM)              │ (None, 128, 32)           │         127,232 │ -                          │
├───────────────────────────────┼───────────────────────────┼─────────────────┼────────────────────────────┤
│    └ dropout (Dropout)        │ (None, 128, 32)           │               0 │ -                          │
├───────────────────────────────┼───────────────────────────┼─────────────────┼────────────────────────────┤
│    └ batch_normalization_1    │ (None, 128, 32)           │             128 │ -                          │
│ (BatchNormalization)          │                           │                 │                            │
├───────────────────────────────┼───────────────────────────┼─────────────────┼────────────────────────────┤
│    └ lstm_1 (LSTM)            │ (None, 32)                │           8,320 │ -                          │
├───────────────────────────────┼───────────────────────────┼─────────────────┼────────────────────────────┤
│    └ unit_normalization       │ (None, 32)                │               0 │ -                          │
│ (UnitNormalization)           │                           │                 │                            │
├───────────────────────────────┼───────────────────────────┼─────────────────┼────────────────────────────┤
│    └ dense (Dense)            │ (None, 32)                │           1,056 │ -                          │
├───────────────────────────────┼───────────────────────────┼─────────────────┼────────────────────────────┤
│ lambda (Lambda)               │ (None, 1)                 │               0 │ sequential[0][0],          │
│                               │                           │                 │ sequential[1][0]           │
└───────────────────────────────┴───────────────────────────┴─────────────────┴────────────────────────────┘
 Total params: 140,580 (549.14 KB)
 Trainable params: 138,594 (541.38 KB)
 Non-trainable params: 1,986 (7.76 KB)

2024-10-10 06:04:28.743 INFO    User No:  0   SNR_db: None   i_EER = 0.185   i_ZMR = 0.635   i_ACC = 0.813
2024-10-10 06:06:21.829 INFO    User No:  1   SNR_db: None   i_EER = 0.020   i_ZMR = 0.055   i_ACC = 0.982
2024-10-10 06:09:57.875 INFO    User No:  2   SNR_db: None   i_EER = 0.036   i_ZMR = 0.400   i_ACC = 0.964
2024-10-10 06:12:12.869 INFO    User No:  3   SNR_db: None   i_EER = 0.050   i_ZMR = 0.070   i_ACC = 0.949
2024-10-10 06:13:57.460 INFO    User No:  4   SNR_db: None   i_EER = 0.032   i_ZMR = 0.055   i_ACC = 0.969
2024-10-10 06:15:44.393 INFO    User No:  5   SNR_db: None   i_EER = 0.032   i_ZMR = 0.080   i_ACC = 0.969
2024-10-10 06:17:29.065 INFO    User No:  6   SNR_db: None   i_EER = 0.020   i_ZMR = 0.040   i_ACC = 0.978
2024-10-10 06:19:13.863 INFO    User No:  7   SNR_db: None   i_EER = 0.005   i_ZMR = 0.005   i_ACC = 0.993
2024-10-10 06:21:05.141 INFO    User No:  8   SNR_db: None   i_EER = 0.005   i_ZMR = 0.015   i_ACC = 0.993
2024-10-10 06:22:44.403 INFO    User No:  9   SNR_db: None   i_EER = 0.060   i_ZMR = 0.110   i_ACC = 0.938
2024-10-10 06:28:01.807 INFO    User No: 10   SNR_db: None   i_EER = 0.068   i_ZMR = 0.225   i_ACC = 0.933
2024-10-10 06:32:40.722 INFO    User No: 11   SNR_db: None   i_EER = 0.485   i_ZMR = 0.915   i_ACC = 0.513
2024-10-10 06:35:02.399 INFO    User No: 12   SNR_db: None   i_EER = 0.045   i_ZMR = 0.105   i_ACC = 0.953
2024-10-10 06:36:58.408 INFO    User No: 13   SNR_db: None   i_EER = 0.025   i_ZMR = 0.125   i_ACC = 0.973
2024-10-10 06:41:42.577 INFO    User No: 14   SNR_db: None   i_EER = 0.060   i_ZMR = 0.135   i_ACC = 0.938
2024-10-10 06:43:01.895 INFO    User No: 15   SNR_db: None   i_EER = 0.072   i_ZMR = 0.270   i_ACC = 0.929
2024-10-10 06:45:30.944 INFO    User No: 16   SNR_db: None   i_EER = 0.105   i_ZMR = 0.440   i_ACC = 0.893
2024-10-10 06:46:53.571 INFO    User No: 17   SNR_db: None   i_EER = 0.072   i_ZMR = 0.755   i_ACC = 0.929
2024-10-10 06:49:55.096 INFO    User No: 18   SNR_db: None   i_EER = 0.105   i_ZMR = 0.300   i_ACC = 0.893
2024-10-10 06:51:47.144 INFO    User No: 19   SNR_db: None   i_EER = 0.100   i_ZMR = 0.885   i_ACC = 0.898
2024-10-10 06:53:22.820 INFO    User No: 20   SNR_db: None   i_EER = 0.080   i_ZMR = 0.320   i_ACC = 0.922
2024-10-10 06:57:33.633 INFO    User No: 21   SNR_db: None   i_EER = 0.065   i_ZMR = 0.130   i_ACC = 0.933
2024-10-10 07:02:02.428 INFO    User No: 22   SNR_db: None   i_EER = 0.145   i_ZMR = 0.355   i_ACC = 0.853
2024-10-10 07:03:56.937 INFO    User No: 23   SNR_db: None   i_EER = 0.050   i_ZMR = 0.095   i_ACC = 0.949
2024-10-10 07:05:41.355 INFO    User No: 24   SNR_db: None   i_EER = 0.075   i_ZMR = 0.280   i_ACC = 0.924
2024-10-10 07:08:43.537 INFO    User No: 25   SNR_db: None   i_EER = 0.320   i_ZMR = 0.685   i_ACC = 0.682
2024-10-10 07:10:29.631 INFO    User No: 26   SNR_db: None   i_EER = 0.104   i_ZMR = 0.290   i_ACC = 0.898
2024-10-10 07:12:05.166 INFO    User No: 27   SNR_db: None   i_EER = 0.080   i_ZMR = 0.560   i_ACC = 0.918
2024-10-10 07:13:58.992 INFO    User No: 28   SNR_db: None   i_EER = 0.080   i_ZMR = 0.435   i_ACC = 0.922
2024-10-10 07:18:26.447 INFO    User No: 29   SNR_db: None   i_EER = 0.060   i_ZMR = 0.365   i_ACC = 0.938
2024-10-10 07:21:05.156 INFO    User No: 30   SNR_db: None   i_EER = 0.060   i_ZMR = 0.340   i_ACC = 0.938
2024-10-10 07:24:06.882 INFO    User No: 31   SNR_db: None   i_EER = 0.120   i_ZMR = 0.335   i_ACC = 0.878
2024-10-10 07:25:40.292 INFO    User No: 32   SNR_db: None   i_EER = 0.068   i_ZMR = 0.210   i_ACC = 0.933
2024-10-10 07:27:17.717 INFO    User No: 33   SNR_db: None   i_EER = 0.090   i_ZMR = 0.165   i_ACC = 0.909
2024-10-10 07:29:20.074 INFO    User No: 34   SNR_db: None   i_EER = 0.065   i_ZMR = 0.655   i_ACC = 0.933
2024-10-10 07:31:06.371 INFO    User No: 35   SNR_db: None   i_EER = 0.056   i_ZMR = 0.115   i_ACC = 0.944
2024-10-10 07:32:51.086 INFO    User No: 36   SNR_db: None   i_EER = 0.045   i_ZMR = 0.090   i_ACC = 0.953
2024-10-10 07:38:07.755 INFO    User No: 37   SNR_db: None   i_EER = 0.090   i_ZMR = 0.465   i_ACC = 0.909
2024-10-10 07:40:10.515 INFO    User No: 38   SNR_db: None   i_EER = 0.100   i_ZMR = 0.230   i_ACC = 0.898
2024-10-10 07:41:55.990 INFO    User No: 39   SNR_db: None   i_EER = 0.044   i_ZMR = 0.275   i_ACC = 0.958
2024-10-10 07:44:02.924 INFO    User No: 40   SNR_db: None   i_EER = 0.205   i_ZMR = 0.780   i_ACC = 0.793
2024-10-10 07:45:51.636 INFO    User No: 41   SNR_db: None   i_EER = 0.055   i_ZMR = 0.505   i_ACC = 0.944
2024-10-10 07:48:03.685 INFO    User No: 42   SNR_db: None   i_EER = 0.088   i_ZMR = 0.340   i_ACC = 0.913
2024-10-10 07:50:44.811 INFO    User No: 43   SNR_db: None   i_EER = 0.155   i_ZMR = 0.340   i_ACC = 0.844
2024-10-10 07:52:32.037 INFO    User No: 44   SNR_db: None   i_EER = 0.055   i_ZMR = 0.140   i_ACC = 0.944
2024-10-10 07:54:22.941 INFO    User No: 45   SNR_db: None   i_EER = 0.032   i_ZMR = 0.080   i_ACC = 0.969
2024-10-10 07:59:38.501 INFO    User No: 46   SNR_db: None   i_EER = 0.012   i_ZMR = 0.035   i_ACC = 0.989
2024-10-10 08:03:56.120 INFO    User No: 47   SNR_db: None   i_EER = 0.725   i_ZMR = 0.965   i_ACC = 0.273
2024-10-10 08:05:41.585 INFO    User No: 48   SNR_db: None   i_EER = 0.005   i_ZMR = 0.010   i_ACC = 0.993
2024-10-10 08:07:25.558 INFO    User No: 49   SNR_db: None   i_EER = 0.035   i_ZMR = 0.155   i_ACC = 0.964
2024-10-10 08:09:27.576 INFO    User No: 50   SNR_db: None   i_EER = 0.025   i_ZMR = 0.140   i_ACC = 0.973
2024-10-10 08:09:27.577 INFO Results for epochs = 200.000 SNR_db: None filter_outliers_first: True test_imposter_count = 5.000 total_cells = 32.000 limit_user_count = -1.000 test_average_user_count = 128.000 batchsize = 32.000
2024-10-10 08:09:27.577 INFO i_EER = [0.185, 0.020, 0.036, 0.050, 0.032, 0.032, 0.020, 0.005, 0.005, 0.060, 0.068, 0.485, 0.045, 0.025, 0.060, 0.072, 0.105, 0.072, 0.105, 0.100, 0.080, 0.065, 0.145, 0.050, 0.075, 0.320, 0.104, 0.080, 0.080, 0.060, 0.060, 0.120, 0.068, 0.090, 0.065, 0.056, 0.045, 0.090, 0.100, 0.044, 0.205, 0.055, 0.088, 0.155, 0.055, 0.032, 0.012, 0.725, 0.005, 0.035, 0.025] 
2024-10-10 08:09:27.577 INFO EER mean = 0.094   std = 0.119
2024-10-10 08:09:27.577 INFO ZMR mean = 0.304   std = 0.252
2024-10-10 08:09:27.577 INFO ACC mean = 0.906   std = 0.119
2024-10-10 08:09:27.578 INFO ------------------------------------------------------------------
2024-10-10 08:09:27.578 INFO 
