2024-10-21 02:24:02.422 INFO CPU                : AMD Ryzen Threadripper 3990X 64-Core Processor
2024-10-21 02:24:02.422 INFO RAM                : 252 GB
2024-10-21 02:24:02.422 INFO OS                 : Linux-6.8.0-47-generic-x86_64-with-glibc2.39
2024-10-21 02:24:02.422 INFO Python Version     : 3.12.3
2024-10-21 02:24:02.422 INFO TensorFlow Version : 2.17.0
2024-10-21 02:24:02.422 INFO ------------------------------------------------------------------
2024-10-21 02:24:02.422 INFO 
2024-10-21 02:25:37.621 INFO    User No:  0   SNR_db: None   i_EER = 0.200   i_ZMR = 0.990   i_ACC = 0.802
2024-10-21 02:27:00.131 INFO    User No:  1   SNR_db: None   i_EER = 0.115   i_ZMR = 0.325   i_ACC = 0.884
2024-10-21 02:28:36.564 INFO    User No:  2   SNR_db: None   i_EER = 0.124   i_ZMR = 0.965   i_ACC = 0.878
2024-10-21 02:31:57.052 INFO    User No:  3   SNR_db: None   i_EER = 0.110   i_ZMR = 0.435   i_ACC = 0.889
2024-10-21 02:33:19.191 INFO    User No:  4   SNR_db: None   i_EER = 0.040   i_ZMR = 0.600   i_ACC = 0.958
2024-10-21 02:34:46.330 INFO    User No:  5   SNR_db: None   i_EER = 0.085   i_ZMR = 0.350   i_ACC = 0.913
2024-10-21 02:36:55.664 INFO    User No:  6   SNR_db: None   i_EER = 0.032   i_ZMR = 0.045   i_ACC = 0.969
2024-10-21 02:38:15.036 INFO    User No:  7   SNR_db: None   i_EER = 0.040   i_ZMR = 0.180   i_ACC = 0.958
2024-10-21 02:39:38.293 INFO    User No:  8   SNR_db: None   i_EER = 0.076   i_ZMR = 0.665   i_ACC = 0.924
2024-10-21 02:40:59.759 INFO    User No:  9   SNR_db: None   i_EER = 0.085   i_ZMR = 0.455   i_ACC = 0.913
2024-10-21 02:44:39.519 INFO    User No: 10   SNR_db: None   i_EER = 0.150   i_ZMR = 0.470   i_ACC = 0.849
2024-10-21 02:48:11.853 INFO    User No: 11   SNR_db: None   i_EER = 0.255   i_ZMR = 0.950   i_ACC = 0.744
2024-10-21 02:51:36.356 INFO    User No: 12   SNR_db: None   i_EER = 0.084   i_ZMR = 0.210   i_ACC = 0.918
2024-10-21 02:52:51.229 INFO    User No: 13   SNR_db: None   i_EER = 0.136   i_ZMR = 0.700   i_ACC = 0.864
2024-10-21 02:55:18.240 INFO    User No: 14   SNR_db: None   i_EER = 0.052   i_ZMR = 0.130   i_ACC = 0.949
2024-10-21 02:56:22.198 INFO    User No: 15   SNR_db: None   i_EER = 0.160   i_ZMR = 0.580   i_ACC = 0.838
2024-10-21 02:58:07.497 INFO    User No: 16   SNR_db: None   i_EER = 0.080   i_ZMR = 0.310   i_ACC = 0.918
2024-10-21 03:01:12.954 INFO    User No: 17   SNR_db: None   i_EER = 0.156   i_ZMR = 0.540   i_ACC = 0.844
2024-10-21 03:03:05.555 INFO    User No: 18   SNR_db: None   i_EER = 0.175   i_ZMR = 0.865   i_ACC = 0.824
2024-10-21 03:04:36.366 INFO    User No: 19   SNR_db: None   i_EER = 0.120   i_ZMR = 0.690   i_ACC = 0.878
2024-10-21 03:05:55.341 INFO    User No: 20   SNR_db: None   i_EER = 0.115   i_ZMR = 0.365   i_ACC = 0.884
2024-10-21 03:09:56.687 INFO    User No: 21   SNR_db: None   i_EER = 0.224   i_ZMR = 0.625   i_ACC = 0.778
2024-10-21 03:13:54.750 INFO    User No: 22   SNR_db: None   i_EER = 0.320   i_ZMR = 0.485   i_ACC = 0.678
2024-10-21 03:15:31.701 INFO    User No: 23   SNR_db: None   i_EER = 0.088   i_ZMR = 0.195   i_ACC = 0.913
2024-10-21 03:16:53.742 INFO    User No: 24   SNR_db: None   i_EER = 0.150   i_ZMR = 0.820   i_ACC = 0.849
2024-10-21 03:18:35.279 INFO    User No: 25   SNR_db: None   i_EER = 0.205   i_ZMR = 0.890   i_ACC = 0.793
2024-10-21 03:19:52.940 INFO    User No: 26   SNR_db: None   i_EER = 0.150   i_ZMR = 0.755   i_ACC = 0.849
2024-10-21 03:21:58.176 INFO    User No: 27   SNR_db: None   i_EER = 0.295   i_ZMR = 0.915   i_ACC = 0.704
2024-10-21 03:24:35.146 INFO    User No: 28   SNR_db: None   i_EER = 0.228   i_ZMR = 0.950   i_ACC = 0.773
2024-10-21 03:25:52.019 INFO    User No: 29   SNR_db: None   i_EER = 0.175   i_ZMR = 0.795   i_ACC = 0.824
2024-10-21 03:27:16.577 INFO    User No: 30   SNR_db: None   i_EER = 0.105   i_ZMR = 0.500   i_ACC = 0.893
2024-10-21 03:28:44.442 INFO    User No: 31   SNR_db: None   i_EER = 0.180   i_ZMR = 0.975   i_ACC = 0.822
2024-10-21 03:29:55.719 INFO    User No: 32   SNR_db: None   i_EER = 0.105   i_ZMR = 0.455   i_ACC = 0.893
2024-10-21 03:31:19.090 INFO    User No: 33   SNR_db: None   i_EER = 0.112   i_ZMR = 0.495   i_ACC = 0.889
2024-10-21 03:34:53.010 INFO    User No: 34   SNR_db: None   i_EER = 0.276   i_ZMR = 0.920   i_ACC = 0.724
2024-10-21 03:36:18.276 INFO    User No: 35   SNR_db: None   i_EER = 0.170   i_ZMR = 0.725   i_ACC = 0.829
2024-10-21 03:37:43.973 INFO    User No: 36   SNR_db: None   i_EER = 0.080   i_ZMR = 0.205   i_ACC = 0.918
2024-10-21 03:41:44.028 INFO    User No: 37   SNR_db: None   i_EER = 0.204   i_ZMR = 0.915   i_ACC = 0.798
2024-10-21 03:44:02.793 INFO    User No: 38   SNR_db: None   i_EER = 0.090   i_ZMR = 0.595   i_ACC = 0.909
2024-10-21 03:45:21.162 INFO    User No: 39   SNR_db: None   i_EER = 0.104   i_ZMR = 0.405   i_ACC = 0.898
2024-10-21 03:46:55.919 INFO    User No: 40   SNR_db: None   i_EER = 0.132   i_ZMR = 0.870   i_ACC = 0.869
2024-10-21 03:48:30.814 INFO    User No: 41   SNR_db: None   i_EER = 0.150   i_ZMR = 0.570   i_ACC = 0.849
2024-10-21 03:51:51.542 INFO    User No: 42   SNR_db: None   i_EER = 0.235   i_ZMR = 0.730   i_ACC = 0.764
2024-10-21 03:53:05.196 INFO    User No: 43   SNR_db: None   i_EER = 0.132   i_ZMR = 0.825   i_ACC = 0.869
2024-10-21 03:54:30.930 INFO    User No: 44   SNR_db: None   i_EER = 0.104   i_ZMR = 0.295   i_ACC = 0.898
2024-10-21 03:55:53.839 INFO    User No: 45   SNR_db: None   i_EER = 0.035   i_ZMR = 0.085   i_ACC = 0.964
2024-10-21 03:59:35.655 INFO    User No: 46   SNR_db: None   i_EER = 0.095   i_ZMR = 0.180   i_ACC = 0.904
2024-10-21 04:03:38.178 INFO    User No: 47   SNR_db: None   i_EER = 0.075   i_ZMR = 0.310   i_ACC = 0.924
2024-10-21 04:05:02.837 INFO    User No: 48   SNR_db: None   i_EER = 0.024   i_ZMR = 0.630   i_ACC = 0.978
2024-10-21 04:06:26.790 INFO    User No: 49   SNR_db: None   i_EER = 0.065   i_ZMR = 0.280   i_ACC = 0.933
2024-10-21 04:07:48.038 INFO    User No: 50   SNR_db: None   i_EER = 0.050   i_ZMR = 0.245   i_ACC = 0.949
2024-10-21 04:07:48.039 INFO Results for epochs = 200.000 SNR_db: None test_imposter_count = 5.000 total_cells = 32.000 limit_user_count = -1.000 test_average_user_count = 128.000 batchsize = 32.000
2024-10-21 04:07:48.039 INFO i_EER = [0.200, 0.115, 0.124, 0.110, 0.040, 0.085, 0.032, 0.040, 0.076, 0.085, 0.150, 0.255, 0.084, 0.136, 0.052, 0.160, 0.080, 0.156, 0.175, 0.120, 0.115, 0.224, 0.320, 0.088, 0.150, 0.205, 0.150, 0.295, 0.228, 0.175, 0.105, 0.180, 0.105, 0.112, 0.276, 0.170, 0.080, 0.204, 0.090, 0.104, 0.132, 0.150, 0.235, 0.132, 0.104, 0.035, 0.095, 0.075, 0.024, 0.065, 0.050] 
2024-10-21 04:07:48.039 INFO EER mean = 0.132   std = 0.069
2024-10-21 04:07:48.039 INFO ZMR mean = 0.558   std = 0.273
2024-10-21 04:07:48.039 INFO ACC mean = 0.867   std = 0.069
2024-10-21 04:07:48.040 INFO ------------------------------------------------------------------
2024-10-21 04:07:48.040 INFO 
2024-10-21 04:07:48.040 INFO Average Slope of EER = 0.000 %/dB [min: 0.132, max: 0.132]    Average Slope of ZMR = 0.000 %/dB [min: 0.558, max: 0.558]
2024-10-21 04:07:48.040 INFO ------------------------------------------------------------------
2024-10-21 04:07:48.040 INFO 
