2024-10-21 00:59:42.886 INFO CPU                : AMD Ryzen Threadripper 3990X 64-Core Processor
2024-10-21 00:59:42.887 INFO RAM                : 252 GB
2024-10-21 00:59:42.887 INFO OS                 : Linux-6.8.0-47-generic-x86_64-with-glibc2.39
2024-10-21 00:59:42.887 INFO Python Version     : 3.12.3
2024-10-21 00:59:42.887 INFO TensorFlow Version : 2.17.0
2024-10-21 00:59:42.887 INFO ------------------------------------------------------------------
2024-10-21 00:59:42.887 INFO 
2024-10-21 01:04:54.346 INFO    User No:  0   SNR_db: None   i_EER = 0.195   i_ZMR = 0.990   i_ACC = 0.804
2024-10-21 01:06:50.482 INFO    User No:  1   SNR_db: None   i_EER = 0.120   i_ZMR = 0.500   i_ACC = 0.882
2024-10-21 01:08:59.454 INFO    User No:  2   SNR_db: None   i_EER = 0.156   i_ZMR = 0.980   i_ACC = 0.844
2024-10-21 01:13:20.948 INFO    User No:  3   SNR_db: None   i_EER = 0.090   i_ZMR = 0.240   i_ACC = 0.909
2024-10-21 01:15:17.311 INFO    User No:  4   SNR_db: None   i_EER = 0.050   i_ZMR = 0.185   i_ACC = 0.949
2024-10-21 01:18:53.399 INFO    User No:  5   SNR_db: None   i_EER = 0.120   i_ZMR = 0.705   i_ACC = 0.878
2024-10-21 01:20:53.892 INFO    User No:  6   SNR_db: None   i_EER = 0.024   i_ZMR = 0.035   i_ACC = 0.978
2024-10-21 01:22:46.463 INFO    User No:  7   SNR_db: None   i_EER = 0.055   i_ZMR = 0.215   i_ACC = 0.944
2024-10-21 01:24:47.459 INFO    User No:  8   SNR_db: None   i_EER = 0.080   i_ZMR = 0.505   i_ACC = 0.918
2024-10-21 01:26:31.731 INFO    User No:  9   SNR_db: None   i_EER = 0.090   i_ZMR = 0.280   i_ACC = 0.909
2024-10-21 01:31:43.497 INFO    User No: 10   SNR_db: None   i_EER = 0.180   i_ZMR = 0.580   i_ACC = 0.818
2024-10-21 01:36:06.433 INFO    User No: 11   SNR_db: None   i_EER = 0.300   i_ZMR = 0.865   i_ACC = 0.702
2024-10-21 01:40:47.268 INFO    User No: 12   SNR_db: None   i_EER = 0.080   i_ZMR = 0.100   i_ACC = 0.918
2024-10-21 01:42:29.566 INFO    User No: 13   SNR_db: None   i_EER = 0.100   i_ZMR = 0.825   i_ACC = 0.898
2024-10-21 01:47:43.523 INFO    User No: 14   SNR_db: None   i_EER = 0.056   i_ZMR = 0.195   i_ACC = 0.944
2024-10-21 01:49:14.263 INFO    User No: 15   SNR_db: None   i_EER = 0.152   i_ZMR = 0.420   i_ACC = 0.849
2024-10-21 01:53:17.166 INFO    User No: 16   SNR_db: None   i_EER = 0.065   i_ZMR = 0.565   i_ACC = 0.933
2024-10-21 01:54:53.293 INFO    User No: 17   SNR_db: None   i_EER = 0.160   i_ZMR = 0.980   i_ACC = 0.842
2024-10-21 01:56:55.305 INFO    User No: 18   SNR_db: None   i_EER = 0.156   i_ZMR = 0.900   i_ACC = 0.844
2024-10-21 01:59:00.240 INFO    User No: 19   SNR_db: None   i_EER = 0.105   i_ZMR = 0.600   i_ACC = 0.893
2024-10-21 02:00:52.076 INFO    User No: 20   SNR_db: None   i_EER = 0.085   i_ZMR = 0.300   i_ACC = 0.913
2024-10-21 02:03:50.102 INFO    User No: 21   SNR_db: None   i_EER = 0.155   i_ZMR = 0.685   i_ACC = 0.844
2024-10-21 02:07:17.673 INFO    User No: 22   SNR_db: None   i_EER = 0.272   i_ZMR = 0.635   i_ACC = 0.729
2024-10-21 02:09:26.873 INFO    User No: 23   SNR_db: None   i_EER = 0.085   i_ZMR = 0.265   i_ACC = 0.913
2024-10-21 02:11:17.414 INFO    User No: 24   SNR_db: None   i_EER = 0.125   i_ZMR = 0.545   i_ACC = 0.873
2024-10-21 02:14:09.992 INFO    User No: 25   SNR_db: None   i_EER = 0.232   i_ZMR = 0.840   i_ACC = 0.769
2024-10-21 02:15:58.452 INFO    User No: 26   SNR_db: None   i_EER = 0.128   i_ZMR = 0.630   i_ACC = 0.873
2024-10-21 02:17:58.456 INFO    User No: 27   SNR_db: None   i_EER = 0.355   i_ZMR = 0.935   i_ACC = 0.644
2024-10-21 02:23:12.463 INFO    User No: 28   SNR_db: None   i_EER = 0.200   i_ZMR = 0.985   i_ACC = 0.802
2024-10-21 02:24:53.490 INFO    User No: 29   SNR_db: None   i_EER = 0.155   i_ZMR = 0.555   i_ACC = 0.844
2024-10-21 02:26:48.144 INFO    User No: 30   SNR_db: None   i_EER = 0.115   i_ZMR = 0.805   i_ACC = 0.884
2024-10-21 02:28:48.408 INFO    User No: 31   SNR_db: None   i_EER = 0.165   i_ZMR = 0.890   i_ACC = 0.833
2024-10-21 02:30:24.111 INFO    User No: 32   SNR_db: None   i_EER = 0.110   i_ZMR = 0.505   i_ACC = 0.889
2024-10-21 02:32:20.995 INFO    User No: 33   SNR_db: None   i_EER = 0.100   i_ZMR = 0.745   i_ACC = 0.898
2024-10-21 02:37:02.890 INFO    User No: 34   SNR_db: None   i_EER = 0.332   i_ZMR = 0.945   i_ACC = 0.669
2024-10-21 02:38:59.972 INFO    User No: 35   SNR_db: None   i_EER = 0.150   i_ZMR = 0.840   i_ACC = 0.849
2024-10-21 02:40:56.387 INFO    User No: 36   SNR_db: None   i_EER = 0.050   i_ZMR = 0.235   i_ACC = 0.949
2024-10-21 02:44:53.600 INFO    User No: 37   SNR_db: None   i_EER = 0.108   i_ZMR = 0.985   i_ACC = 0.893
2024-10-21 02:46:51.233 INFO    User No: 38   SNR_db: None   i_EER = 0.068   i_ZMR = 0.625   i_ACC = 0.933
2024-10-21 02:48:36.625 INFO    User No: 39   SNR_db: None   i_EER = 0.088   i_ZMR = 0.390   i_ACC = 0.913
2024-10-21 02:50:36.071 INFO    User No: 40   SNR_db: None   i_EER = 0.240   i_ZMR = 0.790   i_ACC = 0.758
2024-10-21 02:52:31.456 INFO    User No: 41   SNR_db: None   i_EER = 0.140   i_ZMR = 0.665   i_ACC = 0.858
2024-10-21 02:55:17.407 INFO    User No: 42   SNR_db: None   i_EER = 0.245   i_ZMR = 0.875   i_ACC = 0.753
2024-10-21 02:59:27.322 INFO    User No: 43   SNR_db: None   i_EER = 0.150   i_ZMR = 0.740   i_ACC = 0.849
2024-10-21 03:01:24.275 INFO    User No: 44   SNR_db: None   i_EER = 0.084   i_ZMR = 0.260   i_ACC = 0.918
2024-10-21 03:03:22.439 INFO    User No: 45   SNR_db: None   i_EER = 0.040   i_ZMR = 0.080   i_ACC = 0.962
2024-10-21 03:05:59.943 INFO    User No: 46   SNR_db: None   i_EER = 0.084   i_ZMR = 0.380   i_ACC = 0.918
2024-10-21 03:10:53.168 INFO    User No: 47   SNR_db: None   i_EER = 0.100   i_ZMR = 0.370   i_ACC = 0.898
2024-10-21 03:12:44.904 INFO    User No: 48   SNR_db: None   i_EER = 0.015   i_ZMR = 0.215   i_ACC = 0.984
2024-10-21 03:14:49.056 INFO    User No: 49   SNR_db: None   i_EER = 0.068   i_ZMR = 0.325   i_ACC = 0.933
2024-10-21 03:16:37.807 INFO    User No: 50   SNR_db: None   i_EER = 0.060   i_ZMR = 0.215   i_ACC = 0.942
2024-10-21 03:16:37.808 INFO Results for epochs = 200.000 SNR_db: None test_imposter_count = 5.000 total_cells = 32.000 limit_user_count = -1.000 test_average_user_count = 128.000 batchsize = 32.000
2024-10-21 03:16:37.808 INFO i_EER = [0.195, 0.120, 0.156, 0.090, 0.050, 0.120, 0.024, 0.055, 0.080, 0.090, 0.180, 0.300, 0.080, 0.100, 0.056, 0.152, 0.065, 0.160, 0.156, 0.105, 0.085, 0.155, 0.272, 0.085, 0.125, 0.232, 0.128, 0.355, 0.200, 0.155, 0.115, 0.165, 0.110, 0.100, 0.332, 0.150, 0.050, 0.108, 0.068, 0.088, 0.240, 0.140, 0.245, 0.150, 0.084, 0.040, 0.084, 0.100, 0.015, 0.068, 0.060] 
2024-10-21 03:16:37.809 INFO EER mean = 0.130   std = 0.075
2024-10-21 03:16:37.809 INFO ZMR mean = 0.567   std = 0.285
2024-10-21 03:16:37.809 INFO ACC mean = 0.870   std = 0.075
2024-10-21 03:16:37.809 INFO ------------------------------------------------------------------
2024-10-21 03:16:37.809 INFO 
2024-10-21 03:16:37.809 INFO Average Slope of EER = 0.000 %/dB [min: 0.130, max: 0.130]    Average Slope of ZMR = 0.000 %/dB [min: 0.567, max: 0.567]
2024-10-21 03:16:37.809 INFO ------------------------------------------------------------------
2024-10-21 03:16:37.809 INFO 
