2024-10-21 00:37:02.850 INFO CPU                : AMD Ryzen Threadripper 3990X 64-Core Processor
2024-10-21 00:37:02.850 INFO RAM                : 252 GB
2024-10-21 00:37:02.850 INFO OS                 : Linux-6.8.0-47-generic-x86_64-with-glibc2.39
2024-10-21 00:37:02.851 INFO Python Version     : 3.12.3
2024-10-21 00:37:02.851 INFO TensorFlow Version : 2.17.0
2024-10-21 00:37:02.851 INFO ------------------------------------------------------------------
2024-10-21 00:37:02.851 INFO 
2024-10-21 00:38:46.569 INFO    User No:  0   SNR_db: None   i_EER = 0.210   i_ZMR = 0.995   i_ACC = 0.789
2024-10-21 00:40:08.116 INFO    User No:  1   SNR_db: None   i_EER = 0.115   i_ZMR = 0.295   i_ACC = 0.884
2024-10-21 00:41:43.257 INFO    User No:  2   SNR_db: None   i_EER = 0.136   i_ZMR = 0.970   i_ACC = 0.864
2024-10-21 00:45:43.787 INFO    User No:  3   SNR_db: None   i_EER = 0.130   i_ZMR = 0.340   i_ACC = 0.869
2024-10-21 00:47:05.391 INFO    User No:  4   SNR_db: None   i_EER = 0.040   i_ZMR = 0.690   i_ACC = 0.958
2024-10-21 00:49:38.817 INFO    User No:  5   SNR_db: None   i_EER = 0.075   i_ZMR = 0.340   i_ACC = 0.924
2024-10-21 00:51:07.231 INFO    User No:  6   SNR_db: None   i_EER = 0.040   i_ZMR = 0.085   i_ACC = 0.962
2024-10-21 00:52:26.262 INFO    User No:  7   SNR_db: None   i_EER = 0.032   i_ZMR = 0.120   i_ACC = 0.969
2024-10-21 00:53:47.959 INFO    User No:  8   SNR_db: None   i_EER = 0.070   i_ZMR = 0.265   i_ACC = 0.929
2024-10-21 00:55:09.150 INFO    User No:  9   SNR_db: None   i_EER = 0.095   i_ZMR = 0.505   i_ACC = 0.904
2024-10-21 00:59:05.195 INFO    User No: 10   SNR_db: None   i_EER = 0.164   i_ZMR = 0.495   i_ACC = 0.838
2024-10-21 01:02:28.996 INFO    User No: 11   SNR_db: None   i_EER = 0.280   i_ZMR = 0.965   i_ACC = 0.722
2024-10-21 01:06:30.098 INFO    User No: 12   SNR_db: None   i_EER = 0.075   i_ZMR = 0.170   i_ACC = 0.924
2024-10-21 01:07:44.190 INFO    User No: 13   SNR_db: None   i_EER = 0.120   i_ZMR = 0.745   i_ACC = 0.882
2024-10-21 01:10:02.757 INFO    User No: 14   SNR_db: None   i_EER = 0.056   i_ZMR = 0.120   i_ACC = 0.944
2024-10-21 01:11:09.239 INFO    User No: 15   SNR_db: None   i_EER = 0.128   i_ZMR = 0.660   i_ACC = 0.873
2024-10-21 01:12:55.422 INFO    User No: 16   SNR_db: None   i_EER = 0.085   i_ZMR = 0.290   i_ACC = 0.913
2024-10-21 01:14:08.150 INFO    User No: 17   SNR_db: None   i_EER = 0.164   i_ZMR = 0.935   i_ACC = 0.838
2024-10-21 01:16:16.916 INFO    User No: 18   SNR_db: None   i_EER = 0.200   i_ZMR = 0.920   i_ACC = 0.802
2024-10-21 01:17:45.066 INFO    User No: 19   SNR_db: None   i_EER = 0.130   i_ZMR = 0.795   i_ACC = 0.869
2024-10-21 01:21:16.812 INFO    User No: 20   SNR_db: None   i_EER = 0.135   i_ZMR = 0.285   i_ACC = 0.864
2024-10-21 01:25:15.724 INFO    User No: 21   SNR_db: None   i_EER = 0.170   i_ZMR = 0.500   i_ACC = 0.829
2024-10-21 01:29:13.822 INFO    User No: 22   SNR_db: None   i_EER = 0.285   i_ZMR = 0.525   i_ACC = 0.713
2024-10-21 01:30:46.123 INFO    User No: 23   SNR_db: None   i_EER = 0.095   i_ZMR = 0.290   i_ACC = 0.904
2024-10-21 01:32:15.550 INFO    User No: 24   SNR_db: None   i_EER = 0.150   i_ZMR = 0.790   i_ACC = 0.849
2024-10-21 01:34:00.209 INFO    User No: 25   SNR_db: None   i_EER = 0.200   i_ZMR = 0.865   i_ACC = 0.798
2024-10-21 01:35:16.725 INFO    User No: 26   SNR_db: None   i_EER = 0.160   i_ZMR = 0.765   i_ACC = 0.838
2024-10-21 01:37:47.476 INFO    User No: 27   SNR_db: None   i_EER = 0.284   i_ZMR = 0.910   i_ACC = 0.718
2024-10-21 01:40:37.996 INFO    User No: 28   SNR_db: None   i_EER = 0.190   i_ZMR = 0.915   i_ACC = 0.809
2024-10-21 01:41:56.156 INFO    User No: 29   SNR_db: None   i_EER = 0.165   i_ZMR = 0.580   i_ACC = 0.833
2024-10-21 01:43:21.815 INFO    User No: 30   SNR_db: None   i_EER = 0.105   i_ZMR = 0.580   i_ACC = 0.893
2024-10-21 01:44:46.632 INFO    User No: 31   SNR_db: None   i_EER = 0.180   i_ZMR = 0.980   i_ACC = 0.818
2024-10-21 01:45:58.256 INFO    User No: 32   SNR_db: None   i_EER = 0.105   i_ZMR = 0.430   i_ACC = 0.893
2024-10-21 01:47:23.065 INFO    User No: 33   SNR_db: None   i_EER = 0.115   i_ZMR = 0.615   i_ACC = 0.884
2024-10-21 01:50:59.030 INFO    User No: 34   SNR_db: None   i_EER = 0.250   i_ZMR = 0.935   i_ACC = 0.749
2024-10-21 01:52:21.036 INFO    User No: 35   SNR_db: None   i_EER = 0.155   i_ZMR = 0.695   i_ACC = 0.844
2024-10-21 01:53:46.432 INFO    User No: 36   SNR_db: None   i_EER = 0.084   i_ZMR = 0.200   i_ACC = 0.918
2024-10-21 01:57:47.505 INFO    User No: 37   SNR_db: None   i_EER = 0.220   i_ZMR = 0.900   i_ACC = 0.778
2024-10-21 01:59:41.234 INFO    User No: 38   SNR_db: None   i_EER = 0.080   i_ZMR = 0.670   i_ACC = 0.918
2024-10-21 02:00:57.584 INFO    User No: 39   SNR_db: None   i_EER = 0.115   i_ZMR = 0.460   i_ACC = 0.884
2024-10-21 02:02:26.259 INFO    User No: 40   SNR_db: None   i_EER = 0.132   i_ZMR = 0.890   i_ACC = 0.869
2024-10-21 02:04:40.946 INFO    User No: 41   SNR_db: None   i_EER = 0.160   i_ZMR = 0.470   i_ACC = 0.838
2024-10-21 02:07:40.690 INFO    User No: 42   SNR_db: None   i_EER = 0.210   i_ZMR = 0.750   i_ACC = 0.789
2024-10-21 02:08:55.511 INFO    User No: 43   SNR_db: None   i_EER = 0.144   i_ZMR = 0.820   i_ACC = 0.858
2024-10-21 02:10:20.882 INFO    User No: 44   SNR_db: None   i_EER = 0.104   i_ZMR = 0.290   i_ACC = 0.898
2024-10-21 02:11:46.259 INFO    User No: 45   SNR_db: None   i_EER = 0.035   i_ZMR = 0.070   i_ACC = 0.964
2024-10-21 02:15:42.590 INFO    User No: 46   SNR_db: None   i_EER = 0.100   i_ZMR = 0.205   i_ACC = 0.898
2024-10-21 02:19:15.649 INFO    User No: 47   SNR_db: None   i_EER = 0.085   i_ZMR = 0.420   i_ACC = 0.913
2024-10-21 02:20:41.045 INFO    User No: 48   SNR_db: None   i_EER = 0.024   i_ZMR = 0.630   i_ACC = 0.978
2024-10-21 02:22:13.664 INFO    User No: 49   SNR_db: None   i_EER = 0.056   i_ZMR = 0.260   i_ACC = 0.944
2024-10-21 02:23:37.287 INFO    User No: 50   SNR_db: None   i_EER = 0.045   i_ZMR = 0.370   i_ACC = 0.953
2024-10-21 02:23:37.288 INFO Results for epochs = 200.000 SNR_db: None test_imposter_count = 5.000 total_cells = 32.000 limit_user_count = -1.000 test_average_user_count = 128.000 batchsize = 32.000
2024-10-21 02:23:37.288 INFO i_EER = [0.210, 0.115, 0.136, 0.130, 0.040, 0.075, 0.040, 0.032, 0.070, 0.095, 0.164, 0.280, 0.075, 0.120, 0.056, 0.128, 0.085, 0.164, 0.200, 0.130, 0.135, 0.170, 0.285, 0.095, 0.150, 0.200, 0.160, 0.284, 0.190, 0.165, 0.105, 0.180, 0.105, 0.115, 0.250, 0.155, 0.084, 0.220, 0.080, 0.115, 0.132, 0.160, 0.210, 0.144, 0.104, 0.035, 0.100, 0.085, 0.024, 0.056, 0.045] 
2024-10-21 02:23:37.288 INFO EER mean = 0.131   std = 0.065
2024-10-21 02:23:37.289 INFO ZMR mean = 0.564   std = 0.281
2024-10-21 02:23:37.289 INFO ACC mean = 0.869   std = 0.065
2024-10-21 02:23:37.289 INFO ------------------------------------------------------------------
2024-10-21 02:23:37.289 INFO 
2024-10-21 02:23:37.289 INFO Average Slope of EER = 0.000 %/dB [min: 0.131, max: 0.131]    Average Slope of ZMR = 0.000 %/dB [min: 0.564, max: 0.564]
2024-10-21 02:23:37.289 INFO ------------------------------------------------------------------
2024-10-21 02:23:37.289 INFO 
