2024-10-21 07:01:48.187 INFO CPU                : AMD Ryzen Threadripper 3990X 64-Core Processor
2024-10-21 07:01:48.187 INFO RAM                : 252 GB
2024-10-21 07:01:48.187 INFO OS                 : Linux-6.8.0-47-generic-x86_64-with-glibc2.39
2024-10-21 07:01:48.188 INFO Python Version     : 3.12.3
2024-10-21 07:01:48.188 INFO TensorFlow Version : 2.17.0
2024-10-21 07:01:48.188 INFO ------------------------------------------------------------------
2024-10-21 07:01:48.188 INFO 
2024-10-21 07:07:45.451 INFO    User No:  0   SNR_db: None   i_EER = 0.192   i_ZMR = 1.000   i_ACC = 0.809
2024-10-21 07:10:02.887 INFO    User No:  1   SNR_db: None   i_EER = 0.120   i_ZMR = 0.600   i_ACC = 0.882
2024-10-21 07:13:14.988 INFO    User No:  2   SNR_db: None   i_EER = 0.136   i_ZMR = 0.985   i_ACC = 0.864
2024-10-21 07:15:37.745 INFO    User No:  3   SNR_db: None   i_EER = 0.090   i_ZMR = 0.815   i_ACC = 0.909
2024-10-21 07:17:59.073 INFO    User No:  4   SNR_db: None   i_EER = 0.050   i_ZMR = 0.380   i_ACC = 0.949
2024-10-21 07:23:12.231 INFO    User No:  5   SNR_db: None   i_EER = 0.095   i_ZMR = 0.360   i_ACC = 0.904
2024-10-21 07:25:32.413 INFO    User No:  6   SNR_db: None   i_EER = 0.030   i_ZMR = 0.095   i_ACC = 0.969
2024-10-21 07:27:44.830 INFO    User No:  7   SNR_db: None   i_EER = 0.060   i_ZMR = 0.255   i_ACC = 0.942
2024-10-21 07:30:00.571 INFO    User No:  8   SNR_db: None   i_EER = 0.095   i_ZMR = 0.520   i_ACC = 0.904
2024-10-21 07:32:02.155 INFO    User No:  9   SNR_db: None   i_EER = 0.092   i_ZMR = 0.350   i_ACC = 0.909
2024-10-21 07:37:53.771 INFO    User No: 10   SNR_db: None   i_EER = 0.170   i_ZMR = 0.705   i_ACC = 0.829
2024-10-21 07:41:57.874 INFO    User No: 11   SNR_db: None   i_EER = 0.230   i_ZMR = 0.915   i_ACC = 0.769
2024-10-21 07:47:47.721 INFO    User No: 12   SNR_db: None   i_EER = 0.065   i_ZMR = 0.200   i_ACC = 0.933
2024-10-21 07:49:50.181 INFO    User No: 13   SNR_db: None   i_EER = 0.076   i_ZMR = 0.560   i_ACC = 0.924
2024-10-21 07:55:39.446 INFO    User No: 14   SNR_db: None   i_EER = 0.075   i_ZMR = 0.185   i_ACC = 0.924
2024-10-21 07:57:29.569 INFO    User No: 15   SNR_db: None   i_EER = 0.135   i_ZMR = 0.515   i_ACC = 0.864
2024-10-21 07:59:44.897 INFO    User No: 16   SNR_db: None   i_EER = 0.085   i_ZMR = 0.280   i_ACC = 0.913
2024-10-21 08:01:29.863 INFO    User No: 17   SNR_db: None   i_EER = 0.288   i_ZMR = 0.980   i_ACC = 0.713
2024-10-21 08:06:41.740 INFO    User No: 18   SNR_db: None   i_EER = 0.176   i_ZMR = 0.910   i_ACC = 0.824
2024-10-21 08:11:26.626 INFO    User No: 19   SNR_db: None   i_EER = 0.096   i_ZMR = 0.820   i_ACC = 0.904
2024-10-21 08:13:26.461 INFO    User No: 20   SNR_db: None   i_EER = 0.100   i_ZMR = 0.305   i_ACC = 0.898
2024-10-21 08:19:15.771 INFO    User No: 21   SNR_db: None   i_EER = 0.125   i_ZMR = 0.790   i_ACC = 0.873
2024-10-21 08:25:06.866 INFO    User No: 22   SNR_db: None   i_EER = 0.248   i_ZMR = 0.570   i_ACC = 0.753
2024-10-21 08:27:32.867 INFO    User No: 23   SNR_db: None   i_EER = 0.090   i_ZMR = 0.290   i_ACC = 0.909
2024-10-21 08:29:44.147 INFO    User No: 24   SNR_db: None   i_EER = 0.125   i_ZMR = 0.545   i_ACC = 0.873
2024-10-21 08:33:06.710 INFO    User No: 25   SNR_db: None   i_EER = 0.215   i_ZMR = 0.900   i_ACC = 0.784
2024-10-21 08:35:05.575 INFO    User No: 26   SNR_db: None   i_EER = 0.128   i_ZMR = 0.390   i_ACC = 0.873
2024-10-21 08:37:12.317 INFO    User No: 27   SNR_db: None   i_EER = 0.280   i_ZMR = 0.930   i_ACC = 0.718
2024-10-21 08:42:26.799 INFO    User No: 28   SNR_db: None   i_EER = 0.204   i_ZMR = 0.960   i_ACC = 0.798
2024-10-21 08:44:25.137 INFO    User No: 29   SNR_db: None   i_EER = 0.160   i_ZMR = 0.655   i_ACC = 0.838
2024-10-21 08:46:35.050 INFO    User No: 30   SNR_db: None   i_EER = 0.100   i_ZMR = 0.360   i_ACC = 0.898
2024-10-21 08:48:52.673 INFO    User No: 31   SNR_db: None   i_EER = 0.155   i_ZMR = 0.875   i_ACC = 0.844
2024-10-21 08:50:45.148 INFO    User No: 32   SNR_db: None   i_EER = 0.105   i_ZMR = 0.625   i_ACC = 0.893
2024-10-21 08:52:58.644 INFO    User No: 33   SNR_db: None   i_EER = 0.120   i_ZMR = 0.550   i_ACC = 0.878
2024-10-21 08:58:11.354 INFO    User No: 34   SNR_db: None   i_EER = 0.300   i_ZMR = 0.955   i_ACC = 0.698
2024-10-21 09:01:20.030 INFO    User No: 35   SNR_db: None   i_EER = 0.136   i_ZMR = 0.915   i_ACC = 0.864
2024-10-21 09:03:29.348 INFO    User No: 36   SNR_db: None   i_EER = 0.060   i_ZMR = 0.120   i_ACC = 0.938
2024-10-21 09:07:08.951 INFO    User No: 37   SNR_db: None   i_EER = 0.120   i_ZMR = 0.985   i_ACC = 0.882
2024-10-21 09:10:28.390 INFO    User No: 38   SNR_db: None   i_EER = 0.070   i_ZMR = 0.565   i_ACC = 0.929
2024-10-21 09:12:19.748 INFO    User No: 39   SNR_db: None   i_EER = 0.085   i_ZMR = 0.515   i_ACC = 0.913
2024-10-21 09:14:26.469 INFO    User No: 40   SNR_db: None   i_EER = 0.160   i_ZMR = 0.755   i_ACC = 0.842
2024-10-21 09:18:45.720 INFO    User No: 41   SNR_db: None   i_EER = 0.136   i_ZMR = 0.610   i_ACC = 0.864
2024-10-21 09:21:45.681 INFO    User No: 42   SNR_db: None   i_EER = 0.190   i_ZMR = 0.970   i_ACC = 0.809
2024-10-21 09:23:32.613 INFO    User No: 43   SNR_db: None   i_EER = 0.128   i_ZMR = 0.605   i_ACC = 0.873
2024-10-21 09:25:37.423 INFO    User No: 44   SNR_db: None   i_EER = 0.075   i_ZMR = 0.260   i_ACC = 0.924
2024-10-21 09:27:46.344 INFO    User No: 45   SNR_db: None   i_EER = 0.044   i_ZMR = 0.095   i_ACC = 0.958
2024-10-21 09:31:00.404 INFO    User No: 46   SNR_db: None   i_EER = 0.100   i_ZMR = 0.360   i_ACC = 0.898
2024-10-21 09:36:38.227 INFO    User No: 47   SNR_db: None   i_EER = 0.080   i_ZMR = 0.290   i_ACC = 0.918
2024-10-21 09:38:51.906 INFO    User No: 48   SNR_db: None   i_EER = 0.015   i_ZMR = 0.225   i_ACC = 0.984
2024-10-21 09:43:07.865 INFO    User No: 49   SNR_db: None   i_EER = 0.056   i_ZMR = 0.335   i_ACC = 0.944
2024-10-21 09:45:04.198 INFO    User No: 50   SNR_db: None   i_EER = 0.070   i_ZMR = 0.755   i_ACC = 0.929
2024-10-21 09:45:04.198 INFO Results for epochs = 200.000 SNR_db: None test_imposter_count = 5.000 total_cells = 32.000 limit_user_count = -1.000 test_average_user_count = 128.000 batchsize = 32.000
2024-10-21 09:45:04.199 INFO i_EER = [0.192, 0.120, 0.136, 0.090, 0.050, 0.095, 0.030, 0.060, 0.095, 0.092, 0.170, 0.230, 0.065, 0.076, 0.075, 0.135, 0.085, 0.288, 0.176, 0.096, 0.100, 0.125, 0.248, 0.090, 0.125, 0.215, 0.128, 0.280, 0.204, 0.160, 0.100, 0.155, 0.105, 0.120, 0.300, 0.136, 0.060, 0.120, 0.070, 0.085, 0.160, 0.136, 0.190, 0.128, 0.075, 0.044, 0.100, 0.080, 0.015, 0.056, 0.070] 
2024-10-21 09:45:04.199 INFO EER mean = 0.124   std = 0.065
2024-10-21 09:45:04.200 INFO ZMR mean = 0.578   std = 0.280
2024-10-21 09:45:04.200 INFO ACC mean = 0.875   std = 0.065
2024-10-21 09:45:04.200 INFO ------------------------------------------------------------------
2024-10-21 09:45:04.200 INFO 
2024-10-21 09:45:04.200 INFO Average Slope of EER = 0.000 %/dB [min: 0.124, max: 0.124]    Average Slope of ZMR = 0.000 %/dB [min: 0.578, max: 0.578]
2024-10-21 09:45:04.200 INFO ------------------------------------------------------------------
2024-10-21 09:45:04.200 INFO 
