2024-10-21 06:48:45.112 INFO CPU                : AMD Ryzen Threadripper 3990X 64-Core Processor
2024-10-21 06:48:45.113 INFO RAM                : 252 GB
2024-10-21 06:48:45.113 INFO OS                 : Linux-6.8.0-47-generic-x86_64-with-glibc2.39
2024-10-21 06:48:45.113 INFO Python Version     : 3.12.3
2024-10-21 06:48:45.113 INFO TensorFlow Version : 2.17.0
2024-10-21 06:48:45.113 INFO ------------------------------------------------------------------
2024-10-21 06:48:45.113 INFO 
2024-10-21 06:53:38.454 INFO    User No:  0   SNR_db: None   i_EER = 0.212   i_ZMR = 0.990   i_ACC = 0.789
2024-10-21 06:55:32.776 INFO    User No:  1   SNR_db: None   i_EER = 0.110   i_ZMR = 0.535   i_ACC = 0.889
2024-10-21 06:57:42.172 INFO    User No:  2   SNR_db: None   i_EER = 0.145   i_ZMR = 0.975   i_ACC = 0.853
2024-10-21 06:59:43.258 INFO    User No:  3   SNR_db: None   i_EER = 0.095   i_ZMR = 0.695   i_ACC = 0.904
2024-10-21 07:01:36.094 INFO    User No:  4   SNR_db: None   i_EER = 0.052   i_ZMR = 0.175   i_ACC = 0.949
2024-10-21 07:06:47.106 INFO    User No:  5   SNR_db: None   i_EER = 0.095   i_ZMR = 0.590   i_ACC = 0.904
2024-10-21 07:08:44.875 INFO    User No:  6   SNR_db: None   i_EER = 0.030   i_ZMR = 0.030   i_ACC = 0.969
2024-10-21 07:10:34.546 INFO    User No:  7   SNR_db: None   i_EER = 0.055   i_ZMR = 0.190   i_ACC = 0.944
2024-10-21 07:12:33.890 INFO    User No:  8   SNR_db: None   i_EER = 0.080   i_ZMR = 0.520   i_ACC = 0.922
2024-10-21 07:14:15.463 INFO    User No:  9   SNR_db: None   i_EER = 0.095   i_ZMR = 0.295   i_ACC = 0.904
2024-10-21 07:18:26.510 INFO    User No: 10   SNR_db: None   i_EER = 0.185   i_ZMR = 0.630   i_ACC = 0.813
2024-10-21 07:21:13.965 INFO    User No: 11   SNR_db: None   i_EER = 0.240   i_ZMR = 0.910   i_ACC = 0.758
2024-10-21 07:25:09.598 INFO    User No: 12   SNR_db: None   i_EER = 0.070   i_ZMR = 0.135   i_ACC = 0.929
2024-10-21 07:26:47.926 INFO    User No: 13   SNR_db: None   i_EER = 0.100   i_ZMR = 0.845   i_ACC = 0.902
2024-10-21 07:31:47.783 INFO    User No: 14   SNR_db: None   i_EER = 0.050   i_ZMR = 0.140   i_ACC = 0.949
2024-10-21 07:33:14.265 INFO    User No: 15   SNR_db: None   i_EER = 0.145   i_ZMR = 0.410   i_ACC = 0.853
2024-10-21 07:36:32.347 INFO    User No: 16   SNR_db: None   i_EER = 0.065   i_ZMR = 0.600   i_ACC = 0.933
2024-10-21 07:38:04.639 INFO    User No: 17   SNR_db: None   i_EER = 0.172   i_ZMR = 0.975   i_ACC = 0.829
2024-10-21 07:41:02.731 INFO    User No: 18   SNR_db: None   i_EER = 0.195   i_ZMR = 0.970   i_ACC = 0.804
2024-10-21 07:43:01.489 INFO    User No: 19   SNR_db: None   i_EER = 0.100   i_ZMR = 0.585   i_ACC = 0.898
2024-10-21 07:44:42.224 INFO    User No: 20   SNR_db: None   i_EER = 0.085   i_ZMR = 0.300   i_ACC = 0.913
2024-10-21 07:49:09.725 INFO    User No: 21   SNR_db: None   i_EER = 0.110   i_ZMR = 0.950   i_ACC = 0.889
2024-10-21 07:54:11.114 INFO    User No: 22   SNR_db: None   i_EER = 0.264   i_ZMR = 0.595   i_ACC = 0.738
2024-10-21 07:57:11.718 INFO    User No: 23   SNR_db: None   i_EER = 0.080   i_ZMR = 0.395   i_ACC = 0.918
2024-10-21 07:58:55.827 INFO    User No: 24   SNR_db: None   i_EER = 0.130   i_ZMR = 0.605   i_ACC = 0.869
2024-10-21 08:01:17.869 INFO    User No: 25   SNR_db: None   i_EER = 0.225   i_ZMR = 0.900   i_ACC = 0.773
2024-10-21 08:03:00.147 INFO    User No: 26   SNR_db: None   i_EER = 0.125   i_ZMR = 0.650   i_ACC = 0.873
2024-10-21 08:06:23.455 INFO    User No: 27   SNR_db: None   i_EER = 0.285   i_ZMR = 0.855   i_ACC = 0.713
2024-10-21 08:10:20.085 INFO    User No: 28   SNR_db: None   i_EER = 0.212   i_ZMR = 0.980   i_ACC = 0.789
2024-10-21 08:11:56.120 INFO    User No: 29   SNR_db: None   i_EER = 0.155   i_ZMR = 0.515   i_ACC = 0.844
2024-10-21 08:13:44.263 INFO    User No: 30   SNR_db: None   i_EER = 0.120   i_ZMR = 0.820   i_ACC = 0.882
2024-10-21 08:15:38.875 INFO    User No: 31   SNR_db: None   i_EER = 0.160   i_ZMR = 0.810   i_ACC = 0.838
2024-10-21 08:17:09.788 INFO    User No: 32   SNR_db: None   i_EER = 0.110   i_ZMR = 0.645   i_ACC = 0.889
2024-10-21 08:19:01.325 INFO    User No: 33   SNR_db: None   i_EER = 0.100   i_ZMR = 0.765   i_ACC = 0.898
2024-10-21 08:22:51.797 INFO    User No: 34   SNR_db: None   i_EER = 0.300   i_ZMR = 0.970   i_ACC = 0.702
2024-10-21 08:24:41.903 INFO    User No: 35   SNR_db: None   i_EER = 0.148   i_ZMR = 0.850   i_ACC = 0.853
2024-10-21 08:26:32.667 INFO    User No: 36   SNR_db: None   i_EER = 0.048   i_ZMR = 0.210   i_ACC = 0.953
2024-10-21 08:28:23.796 INFO    User No: 37   SNR_db: None   i_EER = 0.140   i_ZMR = 1.000   i_ACC = 0.862
2024-10-21 08:31:13.966 INFO    User No: 38   SNR_db: None   i_EER = 0.065   i_ZMR = 0.590   i_ACC = 0.933
2024-10-21 08:32:51.411 INFO    User No: 39   SNR_db: None   i_EER = 0.088   i_ZMR = 0.385   i_ACC = 0.913
2024-10-21 08:34:43.123 INFO    User No: 40   SNR_db: None   i_EER = 0.240   i_ZMR = 0.805   i_ACC = 0.758
2024-10-21 08:36:29.891 INFO    User No: 41   SNR_db: None   i_EER = 0.145   i_ZMR = 0.570   i_ACC = 0.853
2024-10-21 08:39:05.808 INFO    User No: 42   SNR_db: None   i_EER = 0.250   i_ZMR = 0.890   i_ACC = 0.749
2024-10-21 08:43:00.749 INFO    User No: 43   SNR_db: None   i_EER = 0.125   i_ZMR = 0.685   i_ACC = 0.873
2024-10-21 08:44:52.456 INFO    User No: 44   SNR_db: None   i_EER = 0.084   i_ZMR = 0.250   i_ACC = 0.918
2024-10-21 08:46:42.054 INFO    User No: 45   SNR_db: None   i_EER = 0.040   i_ZMR = 0.080   i_ACC = 0.958
2024-10-21 08:49:36.956 INFO    User No: 46   SNR_db: None   i_EER = 0.085   i_ZMR = 0.310   i_ACC = 0.913
2024-10-21 08:54:37.007 INFO    User No: 47   SNR_db: None   i_EER = 0.080   i_ZMR = 0.470   i_ACC = 0.918
2024-10-21 08:56:25.035 INFO    User No: 48   SNR_db: None   i_EER = 0.010   i_ZMR = 0.250   i_ACC = 0.989
2024-10-21 08:58:24.406 INFO    User No: 49   SNR_db: None   i_EER = 0.060   i_ZMR = 0.325   i_ACC = 0.938
2024-10-21 09:00:10.503 INFO    User No: 50   SNR_db: None   i_EER = 0.048   i_ZMR = 0.245   i_ACC = 0.953
2024-10-21 09:00:10.504 INFO Results for epochs = 200.000 SNR_db: None test_imposter_count = 5.000 total_cells = 32.000 limit_user_count = -1.000 test_average_user_count = 128.000 batchsize = 32.000
2024-10-21 09:00:10.504 INFO i_EER = [0.212, 0.110, 0.145, 0.095, 0.052, 0.095, 0.030, 0.055, 0.080, 0.095, 0.185, 0.240, 0.070, 0.100, 0.050, 0.145, 0.065, 0.172, 0.195, 0.100, 0.085, 0.110, 0.264, 0.080, 0.130, 0.225, 0.125, 0.285, 0.212, 0.155, 0.120, 0.160, 0.110, 0.100, 0.300, 0.148, 0.048, 0.140, 0.065, 0.088, 0.240, 0.145, 0.250, 0.125, 0.084, 0.040, 0.085, 0.080, 0.010, 0.060, 0.048] 
2024-10-21 09:00:10.505 INFO EER mean = 0.126   std = 0.070
2024-10-21 09:00:10.505 INFO ZMR mean = 0.586   std = 0.286
2024-10-21 09:00:10.505 INFO ACC mean = 0.874   std = 0.069
2024-10-21 09:00:10.505 INFO ------------------------------------------------------------------
2024-10-21 09:00:10.505 INFO 
2024-10-21 09:00:10.505 INFO Average Slope of EER = 0.000 %/dB [min: 0.126, max: 0.126]    Average Slope of ZMR = 0.000 %/dB [min: 0.586, max: 0.586]
2024-10-21 09:00:10.505 INFO ------------------------------------------------------------------
2024-10-21 09:00:10.505 INFO 
