2024-10-21 03:01:40.836 INFO CPU                : AMD Ryzen Threadripper 3990X 64-Core Processor
2024-10-21 03:01:40.837 INFO RAM                : 252 GB
2024-10-21 03:01:40.837 INFO OS                 : Linux-6.8.0-47-generic-x86_64-with-glibc2.39
2024-10-21 03:01:40.837 INFO Python Version     : 3.12.3
2024-10-21 03:01:40.837 INFO TensorFlow Version : 2.17.0
2024-10-21 03:01:40.837 INFO ------------------------------------------------------------------
2024-10-21 03:01:40.837 INFO 
2024-10-21 03:06:16.471 INFO    User No:  0   SNR_db: None   i_EER = 0.216   i_ZMR = 0.890   i_ACC = 0.784
2024-10-21 03:07:55.218 INFO    User No:  1   SNR_db: None   i_EER = 0.156   i_ZMR = 0.680   i_ACC = 0.844
2024-10-21 03:10:51.359 INFO    User No:  2   SNR_db: None   i_EER = 0.115   i_ZMR = 0.985   i_ACC = 0.884
2024-10-21 03:12:34.305 INFO    User No:  3   SNR_db: None   i_EER = 0.100   i_ZMR = 0.840   i_ACC = 0.898
2024-10-21 03:14:11.254 INFO    User No:  4   SNR_db: None   i_EER = 0.055   i_ZMR = 0.210   i_ACC = 0.944
2024-10-21 03:17:09.180 INFO    User No:  5   SNR_db: None   i_EER = 0.092   i_ZMR = 0.350   i_ACC = 0.909
2024-10-21 03:18:50.692 INFO    User No:  6   SNR_db: None   i_EER = 0.035   i_ZMR = 0.060   i_ACC = 0.964
2024-10-21 03:20:23.709 INFO    User No:  7   SNR_db: None   i_EER = 0.060   i_ZMR = 0.455   i_ACC = 0.938
2024-10-21 03:21:59.864 INFO    User No:  8   SNR_db: None   i_EER = 0.095   i_ZMR = 0.445   i_ACC = 0.904
2024-10-21 03:23:33.978 INFO    User No:  9   SNR_db: None   i_EER = 0.100   i_ZMR = 0.405   i_ACC = 0.902
2024-10-21 03:26:42.877 INFO    User No: 10   SNR_db: None   i_EER = 0.180   i_ZMR = 0.715   i_ACC = 0.818
2024-10-21 03:30:49.885 INFO    User No: 11   SNR_db: None   i_EER = 0.272   i_ZMR = 0.935   i_ACC = 0.729
2024-10-21 03:34:19.059 INFO    User No: 12   SNR_db: None   i_EER = 0.072   i_ZMR = 0.265   i_ACC = 0.929
2024-10-21 03:36:49.818 INFO    User No: 13   SNR_db: None   i_EER = 0.096   i_ZMR = 0.800   i_ACC = 0.904
2024-10-21 03:41:26.019 INFO    User No: 14   SNR_db: None   i_EER = 0.055   i_ZMR = 0.135   i_ACC = 0.944
2024-10-21 03:42:42.560 INFO    User No: 15   SNR_db: None   i_EER = 0.144   i_ZMR = 0.660   i_ACC = 0.858
2024-10-21 03:46:13.800 INFO    User No: 16   SNR_db: None   i_EER = 0.085   i_ZMR = 0.350   i_ACC = 0.913
2024-10-21 03:47:32.434 INFO    User No: 17   SNR_db: None   i_EER = 0.275   i_ZMR = 0.915   i_ACC = 0.724
2024-10-21 03:51:38.535 INFO    User No: 18   SNR_db: None   i_EER = 0.196   i_ZMR = 0.970   i_ACC = 0.804
2024-10-21 03:53:26.575 INFO    User No: 19   SNR_db: None   i_EER = 0.100   i_ZMR = 0.680   i_ACC = 0.898
2024-10-21 03:55:07.075 INFO    User No: 20   SNR_db: None   i_EER = 0.105   i_ZMR = 0.390   i_ACC = 0.893
2024-10-21 03:59:44.655 INFO    User No: 21   SNR_db: None   i_EER = 0.175   i_ZMR = 0.715   i_ACC = 0.824
2024-10-21 04:04:21.304 INFO    User No: 22   SNR_db: None   i_EER = 0.270   i_ZMR = 0.500   i_ACC = 0.729
2024-10-21 04:06:20.702 INFO    User No: 23   SNR_db: None   i_EER = 0.085   i_ZMR = 0.220   i_ACC = 0.913
2024-10-21 04:08:08.995 INFO    User No: 24   SNR_db: None   i_EER = 0.135   i_ZMR = 0.750   i_ACC = 0.864
2024-10-21 04:10:31.741 INFO    User No: 25   SNR_db: None   i_EER = 0.205   i_ZMR = 0.890   i_ACC = 0.793
2024-10-21 04:12:05.411 INFO    User No: 26   SNR_db: None   i_EER = 0.110   i_ZMR = 0.760   i_ACC = 0.889
2024-10-21 04:15:11.920 INFO    User No: 27   SNR_db: None   i_EER = 0.300   i_ZMR = 0.960   i_ACC = 0.698
2024-10-21 04:18:21.387 INFO    User No: 28   SNR_db: None   i_EER = 0.170   i_ZMR = 1.000   i_ACC = 0.829
2024-10-21 04:19:51.769 INFO    User No: 29   SNR_db: None   i_EER = 0.155   i_ZMR = 0.760   i_ACC = 0.844
2024-10-21 04:21:30.601 INFO    User No: 30   SNR_db: None   i_EER = 0.085   i_ZMR = 0.495   i_ACC = 0.913
2024-10-21 04:23:12.898 INFO    User No: 31   SNR_db: None   i_EER = 0.180   i_ZMR = 0.995   i_ACC = 0.822
2024-10-21 04:24:37.350 INFO    User No: 32   SNR_db: None   i_EER = 0.100   i_ZMR = 0.335   i_ACC = 0.898
2024-10-21 04:26:15.055 INFO    User No: 33   SNR_db: None   i_EER = 0.130   i_ZMR = 0.510   i_ACC = 0.869
2024-10-21 04:30:22.804 INFO    User No: 34   SNR_db: None   i_EER = 0.280   i_ZMR = 0.995   i_ACC = 0.718
2024-10-21 04:32:00.968 INFO    User No: 35   SNR_db: None   i_EER = 0.155   i_ZMR = 0.670   i_ACC = 0.844
2024-10-21 04:33:42.648 INFO    User No: 36   SNR_db: None   i_EER = 0.064   i_ZMR = 0.135   i_ACC = 0.938
2024-10-21 04:38:06.304 INFO    User No: 37   SNR_db: None   i_EER = 0.092   i_ZMR = 0.960   i_ACC = 0.909
2024-10-21 04:40:40.131 INFO    User No: 38   SNR_db: None   i_EER = 0.088   i_ZMR = 0.485   i_ACC = 0.913
2024-10-21 04:42:13.781 INFO    User No: 39   SNR_db: None   i_EER = 0.110   i_ZMR = 0.420   i_ACC = 0.889
2024-10-21 04:43:58.730 INFO    User No: 40   SNR_db: None   i_EER = 0.140   i_ZMR = 0.975   i_ACC = 0.862
2024-10-21 04:46:20.391 INFO    User No: 41   SNR_db: None   i_EER = 0.095   i_ZMR = 0.535   i_ACC = 0.904
2024-10-21 04:50:10.966 INFO    User No: 42   SNR_db: None   i_EER = 0.172   i_ZMR = 0.735   i_ACC = 0.829
2024-10-21 04:51:41.182 INFO    User No: 43   SNR_db: None   i_EER = 0.136   i_ZMR = 0.640   i_ACC = 0.864
2024-10-21 04:53:24.901 INFO    User No: 44   SNR_db: None   i_EER = 0.080   i_ZMR = 0.305   i_ACC = 0.922
2024-10-21 04:55:06.510 INFO    User No: 45   SNR_db: None   i_EER = 0.040   i_ZMR = 0.075   i_ACC = 0.958
2024-10-21 04:59:46.630 INFO    User No: 46   SNR_db: None   i_EER = 0.095   i_ZMR = 0.695   i_ACC = 0.904
2024-10-21 05:04:23.222 INFO    User No: 47   SNR_db: None   i_EER = 0.065   i_ZMR = 0.350   i_ACC = 0.933
2024-10-21 05:06:02.544 INFO    User No: 48   SNR_db: None   i_EER = 0.015   i_ZMR = 0.295   i_ACC = 0.984
2024-10-21 05:08:25.307 INFO    User No: 49   SNR_db: None   i_EER = 0.056   i_ZMR = 0.210   i_ACC = 0.944
2024-10-21 05:09:58.389 INFO    User No: 50   SNR_db: None   i_EER = 0.060   i_ZMR = 0.210   i_ACC = 0.938
2024-10-21 05:09:58.390 INFO Results for epochs = 200.000 SNR_db: None test_imposter_count = 5.000 total_cells = 32.000 limit_user_count = -1.000 test_average_user_count = 128.000 batchsize = 32.000
2024-10-21 05:09:58.390 INFO i_EER = [0.216, 0.156, 0.115, 0.100, 0.055, 0.092, 0.035, 0.060, 0.095, 0.100, 0.180, 0.272, 0.072, 0.096, 0.055, 0.144, 0.085, 0.275, 0.196, 0.100, 0.105, 0.175, 0.270, 0.085, 0.135, 0.205, 0.110, 0.300, 0.170, 0.155, 0.085, 0.180, 0.100, 0.130, 0.280, 0.155, 0.064, 0.092, 0.088, 0.110, 0.140, 0.095, 0.172, 0.136, 0.080, 0.040, 0.095, 0.065, 0.015, 0.056, 0.060] 
2024-10-21 05:09:58.390 INFO EER mean = 0.126   std = 0.068
2024-10-21 05:09:58.391 INFO ZMR mean = 0.583   std = 0.284
2024-10-21 05:09:58.391 INFO ACC mean = 0.873   std = 0.068
2024-10-21 05:09:58.391 INFO ------------------------------------------------------------------
2024-10-21 05:09:58.391 INFO 
2024-10-21 05:09:58.391 INFO Average Slope of EER = 0.000 %/dB [min: 0.126, max: 0.126]    Average Slope of ZMR = 0.000 %/dB [min: 0.583, max: 0.583]
2024-10-21 05:09:58.391 INFO ------------------------------------------------------------------
2024-10-21 05:09:58.391 INFO 
